{"numFailedTestSuites":1,"numFailedTests":1,"numPassedTestSuites":6,"numPassedTests":18,"numPendingTestSuites":0,"numPendingTests":0,"numRuntimeErrorTestSuites":0,"numTodoTests":0,"numTotalTestSuites":7,"numTotalTests":19,"openHandles":[],"snapshot":{"added":0,"didUpdate":false,"failure":false,"filesAdded":0,"filesRemoved":0,"filesRemovedList":[],"filesUnmatched":0,"filesUpdated":0,"matched":0,"total":0,"unchecked":0,"uncheckedKeysByFile":[],"unmatched":0,"updated":0},"startTime":1786650444776,"success":false,"testResults":[{"assertionResults":[{"ancestorTitles":["Concurrency"],"duration":72,"failureDetails":[],"failureMessages":[],"fullName":"Concurrency should handle concurrent duplicate sessions","invocations":1,"location":null,"numPassingAsserts":3,"retryReasons":[],"status":"passed","title":"should handle concurrent duplicate sessions"},{"ancestorTitles":["Concurrency"],"duration":29,"failureDetails":[{"matcherResult":{"message":"\u001b[2mexpect(\u001b[22m\u001b[31mreceived\u001b[39m\u001b[2m).\u001b[22mtoContain\u001b[2m(\u001b[22m\u001b[32mexpected\u001b[39m\u001b[2m) // indexOf\u001b[22m\n\nExpected value: \u001b[32m\"processed\"\u001b[39m\nReceived array: \u001b[31m[\"invalid\", \"invalid\"]\u001b[39m","pass":false}}],"failureMessages":["Error: \u001b[2mexpect(\u001b[22m\u001b[31mreceived\u001b[39m\u001b[2m).\u001b[22mtoContain\u001b[2m(\u001b[22m\u001b[32mexpected\u001b[39m\u001b[2m) // indexOf\u001b[22m\n\nExpected value: \u001b[32m\"processed\"\u001b[39m\nReceived array: \u001b[31m[\"invalid\", \"invalid\"]\u001b[39m\n    at Object.<anonymous> (D:\\rewardbank\\tests\\integration\\concurrency.test.ts:74:22)\n    at processTicksAndRejections (node:internal/process/task_queues:103:5)"],"fullName":"Concurrency should handle concurrent duplicate sessions","invocations":1,"location":null,"numPassingAsserts":0,"retryReasons":[],"status":"failed","title":"should handle concurrent duplicate sessions"}],"endTime":1786650446777,"message":"\u001b[1m\u001b[31m  \u001b[1m● \u001b[22m\u001b[1mConcurrency › should handle concurrent duplicate sessions\u001b[39m\u001b[22m\n\n    \u001b[2mexpect(\u001b[22m\u001b[31mreceived\u001b[39m\u001b[2m).\u001b[22mtoContain\u001b[2m(\u001b[22m\u001b[32mexpected\u001b[39m\u001b[2m) // indexOf\u001b[22m\n\n    Expected value: \u001b[32m\"processed\"\u001b[39m\n    Received array: \u001b[31m[\"invalid\", \"invalid\"]\u001b[39m\n\u001b[2m\u001b[22m\n\u001b[2m    \u001b[0m \u001b[90m 72 |\u001b[39m     \u001b[36mconst\u001b[39m responses \u001b[33m=\u001b[39m \u001b[36mawait\u001b[39m \u001b[33mPromise\u001b[39m\u001b[33m.\u001b[39mall(promises)\u001b[33m;\u001b[39m\u001b[22m\n\u001b[2m     \u001b[90m 73 |\u001b[39m     \u001b[36mconst\u001b[39m statuses \u001b[33m=\u001b[39m responses\u001b[33m.\u001b[39mmap(r \u001b[33m=>\u001b[39m r\u001b[33m.\u001b[39mbody\u001b[33m.\u001b[39mresults[\u001b[35m0\u001b[39m]\u001b[33m.\u001b[39mstatus)\u001b[33m;\u001b[39m\u001b[22m\n\u001b[2m    \u001b[31m\u001b[1m>\u001b[22m\u001b[2m\u001b[39m\u001b[90m 74 |\u001b[39m     expect(statuses)\u001b[33m.\u001b[39mtoContain(\u001b[32m'processed'\u001b[39m)\u001b[33m;\u001b[39m\u001b[22m\n\u001b[2m     \u001b[90m    |\u001b[39m                      \u001b[31m\u001b[1m^\u001b[22m\u001b[2m\u001b[39m\u001b[22m\n\u001b[2m     \u001b[90m 75 |\u001b[39m     expect(statuses)\u001b[33m.\u001b[39mtoContain(\u001b[32m'duplicate'\u001b[39m)\u001b[33m;\u001b[39m\u001b[22m\n\u001b[2m     \u001b[90m 76 |\u001b[39m\u001b[22m\n\u001b[2m     \u001b[90m 77 |\u001b[39m     \u001b[36mconst\u001b[39m ledgerRes \u001b[33m=\u001b[39m \u001b[36mawait\u001b[39m request(app)\u001b[0m\u001b[22m\n\u001b[2m\u001b[22m\n\u001b[2m      \u001b[2mat Object.<anonymous> (\u001b[22m\u001b[2m\u001b[0m\u001b[36mtests/integration/concurrency.test.ts\u001b[39m\u001b[0m\u001b[2m:74:22)\u001b[22m\u001b[2m\u001b[22m\n","name":"D:\\rewardbank\\tests\\integration\\concurrency.test.ts","startTime":1786650444928,"status":"failed","summary":""},{"assertionResults":[{"ancestorTitles":["Usage API"],"duration":34,"failureDetails":[],"failureMessages":[],"fullName":"Usage API should process session and reduce balance","invocations":1,"location":null,"numPassingAsserts":4,"retryReasons":[],"status":"passed","title":"should process session and reduce balance"},{"ancestorTitles":["Usage API"],"duration":22,"failureDetails":[],"failureMessages":[],"fullName":"Usage API should handle duplicate session","invocations":1,"location":null,"numPassingAsserts":1,"retryReasons":[],"status":"passed","title":"should handle duplicate session"},{"ancestorTitles":["Usage API"],"duration":19,"failureDetails":[],"failureMessages":[],"fullName":"Usage API should handle two sessions exceeding balance","invocations":1,"location":null,"numPassingAsserts":5,"retryReasons":[],"status":"passed","title":"should handle two sessions exceeding balance"},{"ancestorTitles":["Usage API"],"duration":18,"failureDetails":[],"failureMessages":[],"fullName":"Usage API should reject invalid sessions","invocations":1,"location":null,"numPassingAsserts":2,"retryReasons":[],"status":"passed","title":"should reject invalid sessions"},{"ancestorTitles":["Usage API"],"duration":25,"failureDetails":[],"failureMessages":[],"fullName":"Usage API should never make balance negative from spend","invocations":1,"location":null,"numPassingAsserts":2,"retryReasons":[],"status":"passed","title":"should never make balance negative from spend"}],"endTime":1786650447054,"message":"","name":"D:\\rewardbank\\tests\\integration\\api.usage.test.ts","startTime":1786650446799,"status":"passed","summary":""},{"assertionResults":[{"ancestorTitles":["Task API"],"duration":28,"failureDetails":[],"failureMessages":[],"fullName":"Task API should create task, approve, and create ledger entry","invocations":1,"location":null,"numPassingAsserts":4,"retryReasons":[],"status":"passed","title":"should create task, approve, and create ledger entry"},{"ancestorTitles":["Task API"],"duration":23,"failureDetails":[],"failureMessages":[],"fullName":"Task API should double-approve idempotently","invocations":1,"location":null,"numPassingAsserts":4,"retryReasons":[],"status":"passed","title":"should double-approve idempotently"},{"ancestorTitles":["Task API"],"duration":26,"failureDetails":[],"failureMessages":[],"fullName":"Task API should undo approval and create reversal entry","invocations":1,"location":null,"numPassingAsserts":4,"retryReasons":[],"status":"passed","title":"should undo approval and create reversal entry"},{"ancestorTitles":["Task API"],"duration":19,"failureDetails":[],"failureMessages":[],"fullName":"Task API should reject done task and not create ledger entry","invocations":1,"location":null,"numPassingAsserts":3,"retryReasons":[],"status":"passed","title":"should reject done task and not create ledger entry"},{"ancestorTitles":["Task API"],"duration":12,"failureDetails":[],"failureMessages":[],"fullName":"Task API should return 409 for approve on pending task","invocations":1,"location":null,"numPassingAsserts":1,"retryReasons":[],"status":"passed","title":"should return 409 for approve on pending task"}],"endTime":1786650447311,"message":"","name":"D:\\rewardbank\\tests\\integration\\api.tasks.test.ts","startTime":1786650447061,"status":"passed","summary":""},{"assertionResults":[{"ancestorTitles":["Auth"],"duration":22,"failureDetails":[],"failureMessages":[],"fullName":"Auth parent A cannot approve child B task","invocations":1,"location":null,"numPassingAsserts":1,"retryReasons":[],"status":"passed","title":"parent A cannot approve child B task"},{"ancestorTitles":["Auth"],"duration":6,"failureDetails":[],"failureMessages":[],"fullName":"Auth child A cannot access child B balance","invocations":1,"location":null,"numPassingAsserts":1,"retryReasons":[],"status":"passed","title":"child A cannot access child B balance"}],"endTime":1786650447475,"message":"","name":"D:\\rewardbank\\tests\\integration\\api.auth.test.ts","startTime":1786650447316,"status":"passed","summary":""},{"assertionResults":[{"ancestorTitles":["Validation"],"duration":11,"failureDetails":[],"failureMessages":[],"fullName":"Validation should reject task with reward <= 0","invocations":1,"location":null,"numPassingAsserts":1,"retryReasons":[],"status":"passed","title":"should reject task with reward <= 0"},{"ancestorTitles":["Validation"],"duration":7,"failureDetails":[],"failureMessages":[],"fullName":"Validation should reject invalid session duration > 24h","invocations":1,"location":null,"numPassingAsserts":0,"retryReasons":[],"status":"passed","title":"should reject invalid session duration > 24h"}],"endTime":1786650447643,"message":"","name":"D:\\rewardbank\\tests\\integration\\api.validation.test.ts","startTime":1786650447481,"status":"passed","summary":""},{"assertionResults":[{"ancestorTitles":["Ledger invariant fuzz test"],"duration":55,"failureDetails":[],"failureMessages":[],"fullName":"Ledger invariant fuzz test should hold invariant after 500 random operations","invocations":1,"location":null,"numPassingAsserts":500,"retryReasons":[],"status":"passed","title":"should hold invariant after 500 random operations"}],"endTime":1786650447776,"message":"","name":"D:\\rewardbank\\tests\\integration\\invariant.fuzz.test.ts","startTime":1786650447648,"status":"passed","summary":""},{"assertionResults":[{"ancestorTitles":["LedgerService"],"duration":1,"failureDetails":[],"failureMessages":[],"fullName":"LedgerService should add earn and spend correctly","invocations":1,"location":null,"numPassingAsserts":1,"retryReasons":[],"status":"passed","title":"should add earn and spend correctly"},{"ancestorTitles":["LedgerService"],"duration":7,"failureDetails":[],"failureMessages":[],"fullName":"LedgerService should maintain invariant after multiple operations","invocations":1,"location":null,"numPassingAsserts":1,"retryReasons":[],"status":"passed","title":"should maintain invariant after multiple operations"}],"endTime":1786650447923,"message":"","name":"D:\\rewardbank\\tests\\unit\\ledger.service.test.ts","startTime":1786650447845,"status":"passed","summary":""}],"wasInterrupted":false}
